{"level":"info","message":{},"service":"user-service"}
{"level":"info","message":"base de datos conectada","service":"user-service"}
{"level":"info","message":"base de datos conectada","service":"user-service"}
{"level":"info","message":"base de datos conectada","service":"user-service"}
{"level":"info","message":"base de datos conectada","service":"user-service"}
{"level":"info","message":"base de datos conectada","service":"user-service"}
{"level":"info","message":"base de datos conectada","service":"user-service"}
{"level":"info","message":"base de datos conectada","service":"user-service"}
{"level":"info","message":"base de datos conectada","service":"user-service"}
{"level":"info","message":"base de datos conectada","service":"user-service"}
{"level":"info","message":"base de datos conectada","service":"user-service"}
{"level":"info","message":"base de datos conectada","service":"user-service"}
{"level":"info","message":"base de datos conectada","service":"user-service"}
{"level":"info","message":"base de datos conectada","service":"user-service"}
{"level":"info","message":"base de datos conectada","service":"user-service"}
{"level":"info","message":"base de datos conectada","service":"user-service"}
{"level":"info","message":"base de datos conectada","service":"user-service"}
{"level":"info","message":"base de datos conectada","service":"user-service"}
{"level":"info","message":"base de datos conectada","service":"user-service"}
{"level":"info","message":"base de datos conectada","service":"user-service"}
{"level":"info","message":"base de datos conectada","service":"user-service"}
{"level":"info","message":"base de datos conectada","service":"user-service"}
{"level":"info","message":"base de datos conectada","service":"user-service"}
{"level":"info","message":"base de datos conectada","service":"user-service"}
{"level":"info","message":"base de datos conectada","service":"user-service"}
{"level":"info","message":"base de datos conectada","service":"user-service"}
{"level":"info","message":"base de datos conectada","service":"user-service"}
{"level":"info","message":"base de datos conectada","service":"user-service"}
{"level":"info","message":"base de datos conectada","service":"user-service"}
{"level":"info","message":"base de datos conectada","service":"user-service"}
{"level":"info","message":"base de datos conectada","service":"user-service"}
{"level":"info","message":"base de datos conectada","service":"user-service"}
{"level":"info","message":"base de datos conectada","service":"user-service"}
{"level":"info","message":"base de datos conectada","service":"user-service"}
{"level":"info","message":"base de datos conectada","service":"user-service"}
{"level":"info","message":"base de datos conectada","service":"user-service"}
{"level":"info","message":"base de datos conectada","service":"user-service"}
{"level":"info","message":"base de datos conectada","service":"user-service"}
{"level":"info","message":"base de datos conectada","service":"user-service"}
{"level":"info","message":"base de datos conectada","service":"user-service"}
{"level":"info","message":"base de datos conectada","service":"user-service"}
{"level":"info","message":"base de datos conectada","service":"user-service"}
{"level":"info","message":"base de datos conectada","service":"user-service"}
{"level":"info","message":"base de datos conectada","service":"user-service"}
{"level":"info","message":"base de datos conectada","service":"user-service"}
{"level":"info","message":"base de datos conectada","service":"user-service"}
{"level":"info","message":"base de datos conectada","service":"user-service"}
{"level":"info","message":"base de datos conectada","service":"user-service"}
{"level":"info","message":"base de datos conectada","service":"user-service"}
{"level":"info","message":"base de datos conectada","service":"user-service"}
{"level":"info","message":"base de datos conectada","service":"user-service"}
{"level":"info","message":"base de datos conectada","service":"user-service"}
{"level":"info","message":"base de datos conectada","service":"user-service"}
{"level":"info","message":"base de datos conectada","service":"user-service"}
{"level":"info","message":"base de datos conectada","service":"user-service"}
{"level":"info","message":"base de datos conectada","service":"user-service"}
{"level":"info","message":"base de datos conectada","service":"user-service"}
{"level":"info","message":"base de datos conectada","service":"user-service"}
{"level":"info","message":"base de datos conectada","service":"user-service"}
{"level":"info","message":"base de datos conectada","service":"user-service"}
{"level":"info","message":"base de datos conectada","service":"user-service"}
{"level":"info","message":"base de datos conectada","service":"user-service"}
{"level":"info","message":"base de datos conectada","service":"user-service"}
{"level":"info","message":"base de datos conectada","service":"user-service"}
{"level":"info","message":"base de datos conectada","service":"user-service"}
{"level":"info","message":"base de datos conectada","service":"user-service"}
{"level":"info","message":"base de datos conectada","service":"user-service"}
{"level":"info","message":"base de datos conectada","service":"user-service"}
{"level":"info","message":"base de datos conectada","service":"user-service"}
{"level":"info","message":"base de datos conectada","service":"user-service"}
{"level":"info","message":"base de datos conectada","service":"user-service"}
{"level":"info","message":"base de datos conectada","service":"user-service"}
{"level":"info","message":"base de datos conectada","service":"user-service"}
{"level":"info","message":"base de datos conectada","service":"user-service"}
{"code":"ERR_HTTP_HEADERS_SENT","level":"error","service":"user-service"}
{"level":"info","message":"base de datos conectada","service":"user-service"}
{"level":"error","service":"user-service"}
{"level":"error","service":"user-service"}
{"level":"error","service":"user-service"}
{"level":"info","message":"base de datos conectada","service":"user-service"}
{"code":"ERR_HTTP_HEADERS_SENT","level":"error","service":"user-service"}
{"level":"info","message":"base de datos conectada","service":"user-service"}
{"level":"error","service":"user-service"}
{"level":"error","service":"user-service"}
{"level":"error","service":"user-service"}
{"level":"info","message":"base de datos conectada","service":"user-service"}
{"level":"info","message":"base de datos conectada","service":"user-service"}
{"level":"error","service":"user-service"}
{"level":"error","service":"user-service"}
{"code":"ERR_HTTP_HEADERS_SENT","level":"error","service":"user-service"}
{"code":"ERR_HTTP_HEADERS_SENT","level":"error","service":"user-service"}
{"level":"error","service":"user-service"}
{"level":"error","service":"user-service"}
{"level":"info","message":"base de datos conectada","service":"user-service"}
{"level":"info","message":"base de datos conectada","service":"user-service"}
{"level":"info","message":"base de datos conectada","service":"user-service"}
{"level":"error","service":"user-service"}
{"level":"error","service":"user-service"}
{"level":"error","service":"user-service"}
{"level":"error","service":"user-service"}
{"level":"error","service":"user-service"}
{"level":"error","service":"user-service"}
{"level":"info","message":"base de datos conectada","service":"user-service"}
{"_message":"Product validation failed","errors":{"categoriaId":{"kind":"required","message":"Path `categoriaId` is required.","name":"ValidatorError","path":"categoriaId","properties":{"message":"Path `categoriaId` is required.","path":"categoriaId","type":"required"}}},"level":"error","message":"Product validation failed: categoriaId: Path `categoriaId` is required.","name":"ValidationError","service":"user-service"}
{"_message":"Product validation failed","errors":{"categoriaId":{"kind":"required","message":"Path `categoriaId` is required.","name":"ValidatorError","path":"categoriaId","properties":{"message":"Path `categoriaId` is required.","path":"categoriaId","type":"required"}}},"level":"error","message":"Product validation failed: categoriaId: Path `categoriaId` is required.","name":"ValidationError","service":"user-service"}
{"_message":"Product validation failed","errors":{"categoriaId":{"kind":"required","message":"Path `categoriaId` is required.","name":"ValidatorError","path":"categoriaId","properties":{"message":"Path `categoriaId` is required.","path":"categoriaId","type":"required"}}},"level":"error","message":"Product validation failed: categoriaId: Path `categoriaId` is required.","name":"ValidationError","service":"user-service"}
{"level":"info","message":"base de datos conectada","service":"user-service"}
{"_message":"Product validation failed","errors":{"categoriaId":{"kind":"required","message":"Path `categoriaId` is required.","name":"ValidatorError","path":"categoriaId","properties":{"message":"Path `categoriaId` is required.","path":"categoriaId","type":"required"}}},"level":"error","message":"Product validation failed: categoriaId: Path `categoriaId` is required.","name":"ValidationError","service":"user-service"}
{"_message":"Product validation failed","errors":{"categoriaId":{"kind":"required","message":"Path `categoriaId` is required.","name":"ValidatorError","path":"categoriaId","properties":{"message":"Path `categoriaId` is required.","path":"categoriaId","type":"required"}}},"level":"error","message":"Product validation failed: categoriaId: Path `categoriaId` is required.","name":"ValidationError","service":"user-service"}
{"_message":"Product validation failed","errors":{"categoriaId":{"kind":"required","message":"Path `categoriaId` is required.","name":"ValidatorError","path":"categoriaId","properties":{"message":"Path `categoriaId` is required.","path":"categoriaId","type":"required"}}},"level":"error","message":"Product validation failed: categoriaId: Path `categoriaId` is required.","name":"ValidationError","service":"user-service"}
{"_message":"Product validation failed","errors":{"categoriaId":{"kind":"required","message":"Path `categoriaId` is required.","name":"ValidatorError","path":"categoriaId","properties":{"message":"Path `categoriaId` is required.","path":"categoriaId","type":"required"}}},"level":"error","message":"Product validation failed: categoriaId: Path `categoriaId` is required.","name":"ValidationError","service":"user-service"}
{"_message":"Product validation failed","errors":{"categoriaId":{"kind":"required","message":"Path `categoriaId` is required.","name":"ValidatorError","path":"categoriaId","properties":{"message":"Path `categoriaId` is required.","path":"categoriaId","type":"required"}}},"level":"error","message":"Product validation failed: categoriaId: Path `categoriaId` is required.","name":"ValidationError","service":"user-service"}
{"_message":"Product validation failed","errors":{"categoriaId":{"kind":"required","message":"Path `categoriaId` is required.","name":"ValidatorError","path":"categoriaId","properties":{"message":"Path `categoriaId` is required.","path":"categoriaId","type":"required"}}},"level":"error","message":"Product validation failed: categoriaId: Path `categoriaId` is required.","name":"ValidationError","service":"user-service"}
{"level":"info","message":"base de datos conectada","service":"user-service"}
{"level":"info","message":"base de datos conectada","service":"user-service"}
{"level":"info","message":"base de datos conectada","service":"user-service"}
{"level":"info","message":"base de datos conectada","service":"user-service"}
{"level":"info","message":"base de datos conectada","service":"user-service"}
{"level":"error","path":"Product","service":"user-service"}
{"level":"error","path":"Product","service":"user-service"}
{"level":"error","path":"Product","service":"user-service"}
{"level":"error","path":"Product","service":"user-service"}
{"level":"error","path":"Product","service":"user-service"}
{"level":"error","path":"Product","service":"user-service"}
{"level":"error","path":"Product","service":"user-service"}
{"level":"error","path":"Product","service":"user-service"}
{"level":"error","path":"Product","service":"user-service"}
{"level":"error","path":"Product","service":"user-service"}
{"level":"error","path":"Product","service":"user-service"}
{"level":"error","path":"Product","service":"user-service"}
{"level":"error","path":"Product","service":"user-service"}
{"level":"error","path":"Product","service":"user-service"}
{"level":"error","path":"Product","service":"user-service"}
{"level":"error","path":"Product","service":"user-service"}
{"level":"error","path":"Product","service":"user-service"}
{"level":"info","message":"base de datos conectada","service":"user-service"}
{"level":"info","message":"base de datos conectada","service":"user-service"}
{"level":"info","message":"base de datos conectada","service":"user-service"}
{"level":"error","path":"Product","service":"user-service"}
{"level":"error","path":"Product","service":"user-service"}
{"level":"info","message":"base de datos conectada","service":"user-service"}
{"level":"info","message":"base de datos conectada","service":"user-service"}
{"level":"info","message":"base de datos conectada","service":"user-service"}
{"level":"info","message":"base de datos conectada","service":"user-service"}
{"level":"info","message":"base de datos conectada","service":"user-service"}
{"level":"info","message":"base de datos conectada","service":"user-service"}
{"level":"info","message":"base de datos conectada","service":"user-service"}
{"level":"info","message":"base de datos conectada","service":"user-service"}
{"level":"info","message":"base de datos conectada","service":"user-service"}
{"level":"info","message":"base de datos conectada","service":"user-service"}
{"level":"info","message":"base de datos conectada","service":"user-service"}
{"level":"info","message":"base de datos conectada","service":"user-service"}
{"level":"info","message":"base de datos conectada","service":"user-service"}
{"level":"info","message":"base de datos conectada","service":"user-service"}
{"level":"info","message":"base de datos conectada","service":"user-service"}
{"level":"info","message":"base de datos conectada","service":"user-service"}
{"level":"info","message":"base de datos conectada","service":"user-service"}
{"level":"info","message":"base de datos conectada","service":"user-service"}
{"level":"info","message":"base de datos conectada","service":"user-service"}
{"level":"info","message":"base de datos conectada","service":"user-service"}
{"level":"info","message":"base de datos conectada","service":"user-service"}
{"level":"info","message":"base de datos conectada","service":"user-service"}
{"level":"info","message":"base de datos conectada","service":"user-service"}
{"level":"info","message":"base de datos conectada","service":"user-service"}
{"level":"info","message":"base de datos conectada","service":"user-service"}
{"level":"info","message":"base de datos conectada","service":"user-service"}
{"level":"info","message":"base de datos conectada","service":"user-service"}
{"level":"info","message":"base de datos conectada","service":"user-service"}
{"level":"info","message":"base de datos conectada","service":"user-service"}
{"level":"error","service":"user-service"}
{"level":"info","message":"base de datos conectada","service":"user-service"}
{"level":"error","service":"user-service"}
{"level":"info","message":"base de datos conectada","service":"user-service"}
{"level":"info","message":"base de datos conectada","service":"user-service"}
{"level":"info","message":"base de datos conectada","service":"user-service"}
{"level":"error","service":"user-service"}
{"level":"info","message":"base de datos conectada","service":"user-service"}
{"level":"error","service":"user-service"}
{"level":"info","message":"base de datos conectada","service":"user-service"}
{"level":"error","service":"user-service"}
{"level":"info","message":"base de datos conectada","service":"user-service"}
{"level":"error","service":"user-service"}
{"level":"info","message":"base de datos conectada","service":"user-service"}
{"level":"info","message":"base de datos conectada","service":"user-service"}
{"level":"info","message":"base de datos conectada","service":"user-service"}
{"level":"info","message":"base de datos conectada","service":"user-service"}
{"level":"info","message":"base de datos conectada","service":"user-service"}
{"level":"info","message":"base de datos conectada","service":"user-service"}
{"level":"info","message":"base de datos conectada","service":"user-service"}
{"level":"info","message":"base de datos conectada","service":"user-service"}
{"level":"info","message":"base de datos conectada","service":"user-service"}
{"level":"info","message":"base de datos conectada","service":"user-service"}
{"level":"info","message":"base de datos conectada","service":"user-service"}
{"level":"info","message":"base de datos conectada","service":"user-service"}
{"level":"info","message":"base de datos conectada","service":"user-service"}
{"level":"info","message":"base de datos conectada","service":"user-service"}
{"level":"info","message":"base de datos conectada","service":"user-service"}
{"level":"info","message":"base de datos conectada","service":"user-service"}
{"level":"info","message":"base de datos conectada","service":"user-service"}
{"level":"info","message":"base de datos conectada","service":"user-service"}
{"level":"info","message":"base de datos conectada","service":"user-service"}
{"level":"info","message":"base de datos conectada","service":"user-service"}
{"level":"info","message":"base de datos conectada","service":"user-service"}
{"level":"info","message":"base de datos conectada","service":"user-service"}
{"level":"info","message":"base de datos conectada","service":"user-service"}
{"level":"info","message":"base de datos conectada","service":"user-service"}
{"level":"info","message":"base de datos conectada","service":"user-service"}
{"level":"info","message":"base de datos conectada","service":"user-service"}
{"level":"info","message":"base de datos conectada","service":"user-service"}
{"level":"info","message":"base de datos conectada","service":"user-service"}
{"level":"info","message":"base de datos conectada","service":"user-service"}
{"level":"info","message":"base de datos conectada","service":"user-service"}
{"level":"info","message":"base de datos conectada","service":"user-service"}
{"level":"info","message":"base de datos conectada","service":"user-service"}
{"level":"info","message":"base de datos conectada","service":"user-service"}
{"level":"info","message":"base de datos conectada","service":"user-service"}
{"level":"info","message":"base de datos conectada","service":"user-service"}
{"level":"info","message":"base de datos conectada","service":"user-service"}
{"level":"info","message":"base de datos conectada","service":"user-service"}
{"level":"info","message":"base de datos conectada","service":"user-service"}
{"level":"info","message":"base de datos conectada","service":"user-service"}
{"level":"info","message":"base de datos conectada","service":"user-service"}
